<?xml version="1.0" encoding="UTF-8"?>
<!-- Generated by org.testng.reporters.JUnitXMLReporter -->
<testsuite hostname="LAPTOP-B4P3J0KB" ignored="0" tests="4" failures="0" timestamp="11 May 2018 19:07:21 GMT" time="1.51" errors="0">
  <testcase name="testCoreSize" time="0.431" classname="CurriculumTestNG"/>
  <testcase name="testFocusSize" time="0.312" classname="CurriculumTestNG"/>
  <testcase name="testSkillscore" time="0.454" classname="CurriculumTestNG"/>
  <testcase name="testSkillsfocus" time="0.263" classname="CurriculumTestNG"/>
</testsuite>
