<?xml version="1.0" encoding="UTF-8"?>
<!-- Generated by org.testng.reporters.JUnitXMLReporter -->
<testsuite hostname="DESKTOP-HNPPUVQ" ignored="0" name="Default test" tests="4" failures="0" timestamp="17 May 2018 18:33:28 GMT" time="64.646" errors="0">
  <testcase name="addLocation_test" time="14.101" classname="com.gator.tests.LocationsTest"/>
  <testcase name="cancelDeleteLocation_test" time="5.201" classname="com.gator.tests.LocationsTest"/>
  <testcase name="deleteOneLocation_test" time="4.859" classname="com.gator.tests.LocationsTest"/>
  <testcase name="deleteTwoLocations_test" time="6.194" classname="com.gator.tests.LocationsTest"/>
</testsuite> <!-- Default test -->
