<?xml version="1.0" encoding="UTF-8"?>
<!-- Generated by org.testng.reporters.JUnitXMLReporter -->
<testsuite hostname="LAPTOP-B4P3J0KB" ignored="0" name="Test" tests="25" failures="0" timestamp="11 May 2018 21:08:00 GMT" time="65.124" errors="0">
  <testcase name="@BeforeTest beforeTest" time="18.621" classname="com.gator.pages.TrainersTest">
    <failure type="org.openqa.selenium.ElementNotVisibleException" message="element not visible
  (Session info: chrome=66.0.3359.170)
  (Driver info: chromedriver=2.38.552522 (437e6fbedfa8762dec75e2c5b3ddb86763dc9dcb),platform=Windows NT 10.0.16299 x86_64) (WARNING: The server did not provide any stacktrace information)
Command duration or timeout: 0 milliseconds
Build info: version: &amp;apos;3.11.0&amp;apos;, revision: &amp;apos;e59cfb3&amp;apos;, time: &amp;apos;2018-03-11T20:26:55.152Z&amp;apos;
System info: host: &amp;apos;LAPTOP-B4P3J0KB&amp;apos;, ip: &amp;apos;192.168.60.130&amp;apos;, os.name: &amp;apos;Windows 10&amp;apos;, os.arch: &amp;apos;amd64&amp;apos;, os.version: &amp;apos;10.0&amp;apos;, java.version: &amp;apos;1.8.0_161&amp;apos;
Driver info: org.openqa.selenium.chrome.ChromeDriver
Capabilities {acceptInsecureCerts: false, acceptSslCerts: false, applicationCacheEnabled: false, browserConnectionEnabled: false, browserName: chrome, chrome: {chromedriverVersion: 2.38.552522 (437e6fbedfa876..., userDataDir: C:\Users\kathe\AppData\Loca...}, cssSelectorsEnabled: true, databaseEnabled: false, handlesAlerts: true, hasTouchScreen: false, javascriptEnabled: true, locationContextEnabled: true, mobileEmulationEnabled: false, nativeEvents: true, networkConnectionEnabled: false, pageLoadStrategy: normal, platform: XP, platformName: XP, rotatable: false, setWindowRect: true, takesHeapSnapshot: true, takesScreenshot: true, unexpectedAlertBehaviour: , unhandledPromptBehavior: , version: 66.0.3359.170, webStorageEnabled: true}
Session ID: ddaa7d1fd1be65a3f38aa961e99d6cae">
      <![CDATA[org.openqa.selenium.ElementNotVisibleException: element not visible
  (Session info: chrome=66.0.3359.170)
  (Driver info: chromedriver=2.38.552522 (437e6fbedfa8762dec75e2c5b3ddb86763dc9dcb),platform=Windows NT 10.0.16299 x86_64) (WARNING: The server did not provide any stacktrace information)
Command duration or timeout: 0 milliseconds
Build info: version: '3.11.0', revision: 'e59cfb3', time: '2018-03-11T20:26:55.152Z'
System info: host: 'LAPTOP-B4P3J0KB', ip: '192.168.60.130', os.name: 'Windows 10', os.arch: 'amd64', os.version: '10.0', java.version: '1.8.0_161'
Driver info: org.openqa.selenium.chrome.ChromeDriver
Capabilities {acceptInsecureCerts: false, acceptSslCerts: false, applicationCacheEnabled: false, browserConnectionEnabled: false, browserName: chrome, chrome: {chromedriverVersion: 2.38.552522 (437e6fbedfa876..., userDataDir: C:\Users\kathe\AppData\Loca...}, cssSelectorsEnabled: true, databaseEnabled: false, handlesAlerts: true, hasTouchScreen: false, javascriptEnabled: true, locationContextEnabled: true, mobileEmulationEnabled: false, nativeEvents: true, networkConnectionEnabled: false, pageLoadStrategy: normal, platform: XP, platformName: XP, rotatable: false, setWindowRect: true, takesHeapSnapshot: true, takesScreenshot: true, unexpectedAlertBehaviour: , unhandledPromptBehavior: , version: 66.0.3359.170, webStorageEnabled: true}
Session ID: ddaa7d1fd1be65a3f38aa961e99d6cae
at org.openqa.selenium.remote.ErrorHandler.createThrowable(ErrorHandler.java:214)
at org.openqa.selenium.remote.ErrorHandler.throwIfResponseFailed(ErrorHandler.java:166)
at org.openqa.selenium.remote.http.JsonHttpResponseCodec.reconstructValue(JsonHttpResponseCodec.java:40)
at org.openqa.selenium.remote.http.AbstractHttpResponseCodec.decode(AbstractHttpResponseCodec.java:80)
at org.openqa.selenium.remote.http.AbstractHttpResponseCodec.decode(AbstractHttpResponseCodec.java:44)
at org.openqa.selenium.remote.HttpCommandExecutor.execute(HttpCommandExecutor.java:158)
at org.openqa.selenium.remote.service.DriverCommandExecutor.execute(DriverCommandExecutor.java:83)
at org.openqa.selenium.remote.RemoteWebDriver.execute(RemoteWebDriver.java:545)
at org.openqa.selenium.remote.RemoteWebElement.execute(RemoteWebElement.java:279)
at org.openqa.selenium.remote.RemoteWebElement.click(RemoteWebElement.java:83)
at com.gator.pages.TrainersTest.beforeTest(TrainersTest.java:23)
... Removed 28 stack frames]]>
    </failure>
  </testcase> <!-- @BeforeTest beforeTest -->
  <testcase name="@BeforeClass beforeClass" time="0.0" classname="com.gator.pages.ReportsTest">
    <skipped/>
  </testcase> <!-- @BeforeClass beforeClass -->
  <testcase name="@BeforeClass beforeClass" time="0.0" classname="com.gator.pages.CurriculumTestNG">
    <skipped/>
  </testcase> <!-- @BeforeClass beforeClass -->
  <testcase name="@BeforeMethod beforeMethod" time="0.0" classname="com.gator.pages.CurriculumTestNG">
    <skipped/>
  </testcase> <!-- @BeforeMethod beforeMethod -->
  <testcase name="@AfterMethod afterMethod" time="0.0" classname="com.gator.pages.CurriculumTestNG">
    <skipped/>
  </testcase> <!-- @AfterMethod afterMethod -->
  <testcase name="@AfterClass afterClass" time="0.0" classname="com.gator.pages.ReportsTest">
    <skipped/>
  </testcase> <!-- @AfterClass afterClass -->
  <testcase name="@BeforeMethod beforeMethod" time="0.0" classname="com.gator.pages.CurriculumTestNG">
    <skipped/>
  </testcase> <!-- @BeforeMethod beforeMethod -->
  <testcase name="@AfterMethod afterMethod" time="0.0" classname="com.gator.pages.CurriculumTestNG">
    <skipped/>
  </testcase> <!-- @AfterMethod afterMethod -->
  <testcase name="@BeforeMethod beforeMethod" time="0.0" classname="com.gator.pages.CurriculumTestNG">
    <skipped/>
  </testcase> <!-- @BeforeMethod beforeMethod -->
  <testcase name="@AfterMethod afterMethod" time="0.0" classname="com.gator.pages.CurriculumTestNG">
    <skipped/>
  </testcase> <!-- @AfterMethod afterMethod -->
  <testcase name="@BeforeMethod beforeMethod" time="0.0" classname="com.gator.pages.CurriculumTestNG">
    <skipped/>
  </testcase> <!-- @BeforeMethod beforeMethod -->
  <testcase name="@AfterMethod afterMethod" time="0.0" classname="com.gator.pages.CurriculumTestNG">
    <skipped/>
  </testcase> <!-- @AfterMethod afterMethod -->
  <testcase name="@AfterClass afterClass" time="0.0" classname="com.gator.pages.CurriculumTestNG">
    <skipped/>
  </testcase> <!-- @AfterClass afterClass -->
  <testcase name="@AfterTest afterTest" time="0.0" classname="com.gator.pages.BatchesTest">
    <skipped/>
  </testcase> <!-- @AfterTest afterTest -->
  <testcase name="@AfterTest afterTest" time="0.0" classname="com.gator.pages.CurriculumTestNG">
    <skipped/>
  </testcase> <!-- @AfterTest afterTest -->
  <testcase name="@AfterTest afterTest" time="0.0" classname="com.gator.pages.OverviewTest">
    <skipped/>
  </testcase> <!-- @AfterTest afterTest -->
  <testcase name="@AfterTest afterTest" time="0.0" classname="com.gator.pages.TrainersTest">
    <skipped/>
  </testcase> <!-- @AfterTest afterTest -->
  <testcase name="verifyDateSort" time="0.0" classname="com.gator.pages.BatchesTest">
    <skipped/>
  </testcase> <!-- verifyDateSort -->
  <testcase name="verifyPageLoad" time="0.0" classname="com.gator.pages.BatchesTest">
    <skipped/>
  </testcase> <!-- verifyPageLoad -->
  <testcase name="verifyTableLoad" time="0.0" classname="com.gator.pages.BatchesTest">
    <skipped/>
  </testcase> <!-- verifyTableLoad -->
  <testcase name="verifyTimelineLoad" time="0.0" classname="com.gator.pages.BatchesTest">
    <skipped/>
  </testcase> <!-- verifyTimelineLoad -->
  <testcase name="batch_table_Expands" time="0.0" classname="com.gator.pages.ReportsTest">
    <skipped/>
  </testcase> <!-- batch_table_Expands -->
  <testcase name="graduate_table_Expands" time="0.0" classname="com.gator.pages.ReportsTest">
    <skipped/>
  </testcase> <!-- graduate_table_Expands -->
  <testcase name="navigate_To_Reports" time="0.0" classname="com.gator.pages.ReportsTest">
    <skipped/>
  </testcase> <!-- navigate_To_Reports -->
  <testcase name="trainee_table_Expands" time="0.0" classname="com.gator.pages.ReportsTest">
    <skipped/>
  </testcase> <!-- trainee_table_Expands -->
  <testcase name="testCoreSize" time="0.0" classname="com.gator.pages.CurriculumTestNG">
    <skipped/>
  </testcase> <!-- testCoreSize -->
  <testcase name="overview_test" time="0.0" classname="com.gator.pages.OverviewTest">
    <skipped/>
  </testcase> <!-- overview_test -->
  <testcase name="test2" time="0.0" classname="com.gator.pages.OverviewTest">
    <skipped/>
  </testcase> <!-- test2 -->
  <testcase name="test3" time="0.0" classname="com.gator.pages.OverviewTest">
    <skipped/>
  </testcase> <!-- test3 -->
  <testcase name="test4" time="0.0" classname="com.gator.pages.OverviewTest">
    <skipped/>
  </testcase> <!-- test4 -->
  <testcase name="test5" time="0.0" classname="com.gator.pages.OverviewTest">
    <skipped/>
  </testcase> <!-- test5 -->
  <testcase name="test6" time="0.0" classname="com.gator.pages.OverviewTest">
    <skipped/>
  </testcase> <!-- test6 -->
  <testcase name="test7" time="0.0" classname="com.gator.pages.OverviewTest">
    <skipped/>
  </testcase> <!-- test7 -->
  <testcase name="test8" time="0.0" classname="com.gator.pages.OverviewTest">
    <skipped/>
  </testcase> <!-- test8 -->
  <testcase name="test9" time="0.0" classname="com.gator.pages.OverviewTest">
    <skipped/>
  </testcase> <!-- test9 -->
  <testcase name="trainee_table_validInputs" time="0.0" classname="com.gator.pages.ReportsTest">
    <skipped/>
  </testcase> <!-- trainee_table_validInputs -->
  <testcase name="testFocusSize" time="0.0" classname="com.gator.pages.CurriculumTestNG">
    <skipped/>
  </testcase> <!-- testFocusSize -->
  <testcase name="enterTrainerAndSubmit" time="0.0" classname="com.gator.pages.TrainersTest">
    <skipped/>
  </testcase> <!-- enterTrainerAndSubmit -->
  <testcase name="testSkillscore" time="0.0" classname="com.gator.pages.CurriculumTestNG">
    <skipped/>
  </testcase> <!-- testSkillscore -->
  <testcase name="activateTrainer" time="0.0" classname="com.gator.pages.TrainersTest">
    <skipped/>
  </testcase> <!-- activateTrainer -->
  <testcase name="deactivateTrainer" time="0.0" classname="com.gator.pages.TrainersTest">
    <skipped/>
  </testcase> <!-- deactivateTrainer -->
  <testcase name="testSkillsfocus" time="0.0" classname="com.gator.pages.CurriculumTestNG">
    <skipped/>
  </testcase> <!-- testSkillsfocus -->
</testsuite> <!-- Test -->
