<?xml version="1.0" encoding="UTF-8"?>
<testng-results skipped="0" failed="0" ignored="0" total="4" passed="4">
  <reporter-output>
  </reporter-output>
  <suite name="Default suite" duration-ms="10402" started-at="2018-05-16T13:27:32Z" finished-at="2018-05-16T13:27:43Z">
    <groups>
    </groups>
    <test name="Default test" duration-ms="10402" started-at="2018-05-16T13:27:32Z" finished-at="2018-05-16T13:27:43Z">
      <class name="com.gator.tests.CurriculumTestNG">
        <test-method status="PASS" signature="beforeSuite()[pri:0, instance:com.gator.tests.CurriculumTestNG@543c6f6d]" name="beforeSuite" is-config="true" duration-ms="15" started-at="2018-05-16T13:27:32Z" finished-at="2018-05-16T13:27:32Z">
          <reporter-output>
          </reporter-output>
        </test-method> <!-- beforeSuite -->
        <test-method status="PASS" signature="beforeTest()[pri:0, instance:com.gator.tests.CurriculumTestNG@543c6f6d]" name="beforeTest" is-config="true" duration-ms="8686" started-at="2018-05-16T13:27:32Z" finished-at="2018-05-16T13:27:41Z">
          <reporter-output>
          </reporter-output>
        </test-method> <!-- beforeTest -->
        <test-method status="PASS" signature="testCoreSize()[pri:0, instance:com.gator.tests.CurriculumTestNG@543c6f6d]" name="testCoreSize" duration-ms="1064" started-at="2018-05-16T13:27:41Z" finished-at="2018-05-16T13:27:42Z">
          <reporter-output>
          </reporter-output>
        </test-method> <!-- testCoreSize -->
        <test-method status="PASS" signature="beforeMethod()[pri:0, instance:com.gator.tests.CurriculumTestNG@543c6f6d]" name="beforeMethod" is-config="true" duration-ms="0" started-at="2018-05-16T13:27:41Z" finished-at="2018-05-16T13:27:41Z">
          <reporter-output>
          </reporter-output>
        </test-method> <!-- beforeMethod -->
        <test-method status="PASS" signature="beforeMethod()[pri:0, instance:com.gator.tests.CurriculumTestNG@543c6f6d]" name="beforeMethod" is-config="true" duration-ms="1" started-at="2018-05-16T13:27:42Z" finished-at="2018-05-16T13:27:42Z">
          <reporter-output>
          </reporter-output>
        </test-method> <!-- beforeMethod -->
        <test-method status="PASS" signature="testFocusSize()[pri:1, instance:com.gator.tests.CurriculumTestNG@543c6f6d]" name="testFocusSize" duration-ms="181" started-at="2018-05-16T13:27:42Z" finished-at="2018-05-16T13:27:42Z">
          <reporter-output>
          </reporter-output>
        </test-method> <!-- testFocusSize -->
        <test-method status="PASS" signature="beforeMethod()[pri:0, instance:com.gator.tests.CurriculumTestNG@543c6f6d]" name="beforeMethod" is-config="true" duration-ms="0" started-at="2018-05-16T13:27:42Z" finished-at="2018-05-16T13:27:42Z">
          <reporter-output>
          </reporter-output>
        </test-method> <!-- beforeMethod -->
        <test-method status="PASS" signature="testSkillscore()[pri:2, instance:com.gator.tests.CurriculumTestNG@543c6f6d]" name="testSkillscore" duration-ms="215" started-at="2018-05-16T13:27:42Z" finished-at="2018-05-16T13:27:43Z">
          <reporter-output>
          </reporter-output>
        </test-method> <!-- testSkillscore -->
        <test-method status="PASS" signature="testSkillsfocus()[pri:3, instance:com.gator.tests.CurriculumTestNG@543c6f6d]" name="testSkillsfocus" duration-ms="205" started-at="2018-05-16T13:27:43Z" finished-at="2018-05-16T13:27:43Z">
          <reporter-output>
          </reporter-output>
        </test-method> <!-- testSkillsfocus -->
        <test-method status="PASS" signature="beforeMethod()[pri:0, instance:com.gator.tests.CurriculumTestNG@543c6f6d]" name="beforeMethod" is-config="true" duration-ms="0" started-at="2018-05-16T13:27:43Z" finished-at="2018-05-16T13:27:43Z">
          <reporter-output>
          </reporter-output>
        </test-method> <!-- beforeMethod -->
        <test-method status="PASS" signature="aftertest()[pri:0, instance:com.gator.tests.CurriculumTestNG@543c6f6d]" name="aftertest" is-config="true" duration-ms="0" started-at="2018-05-16T13:27:43Z" finished-at="2018-05-16T13:27:43Z">
          <reporter-output>
          </reporter-output>
        </test-method> <!-- aftertest -->
        <test-method status="PASS" signature="afterSuite()[pri:0, instance:com.gator.tests.CurriculumTestNG@543c6f6d]" name="afterSuite" is-config="true" duration-ms="112" started-at="2018-05-16T13:27:43Z" finished-at="2018-05-16T13:27:43Z">
          <reporter-output>
          </reporter-output>
        </test-method> <!-- afterSuite -->
      </class> <!-- com.gator.tests.CurriculumTestNG -->
    </test> <!-- Default test -->
  </suite> <!-- Default suite -->
</testng-results>
