<?xml version="1.0" encoding="UTF-8"?>
<testsuite xmlns:xsi="http://www.w3.org/2001/XMLSchema-instance" xsi:noNamespaceSchemaLocation="https://maven.apache.org/surefire/maven-surefire-plugin/xsd/surefire-test-report.xsd" name="TestSuite" time="32.527" tests="30" errors="0" skipped="29" failures="1">
  <properties>
[...]
</properties>
  <testcase name="beforeTest" classname="com.gator.tests.BatchesTest" time="30.499">
    <failure message="null value in entry: url=null" type="java.lang.NullPointerException">java.lang.NullPointerException: null value in entry: url=null
	at com.gator.tests.BatchesTest.beforeTest(BatchesTest.java:49)
</failure>
    <system-err><![CDATA[Starting ChromeDriver 2.38.552522 (437e6fbedfa8762dec75e2c5b3ddb86763dc9dcb) on port 17540
Only local connections are allowed.
May 13, 2018 10:14:53 PM org.openqa.selenium.remote.ProtocolHandshake createSession
INFO: Detected dialect: OSS
Starting ChromeDriver 2.38.552522 (437e6fbedfa8762dec75e2c5b3ddb86763dc9dcb) on port 17171
Only local connections are allowed.
May 13, 2018 10:15:04 PM org.openqa.selenium.remote.ProtocolHandshake createSession
INFO: Detected dialect: OSS
java.io.FileNotFoundException: TG_pro\src\main\resources\db.properties (The system cannot find the path specified)
	at java.io.FileInputStream.open0(Native Method)
	at java.io.FileInputStream.open(FileInputStream.java:195)
	at java.io.FileInputStream.<init>(FileInputStream.java:138)
	at java.io.FileInputStream.<init>(FileInputStream.java:93)
	at webdriver.loginCukes.webdriver.openApp(webdriver.java:21)
	at com.gator.tests.BatchesTest.beforeTest(BatchesTest.java:49)
	at sun.reflect.NativeMethodAccessorImpl.invoke0(Native Method)
	at sun.reflect.NativeMethodAccessorImpl.invoke(NativeMethodAccessorImpl.java:62)
	at sun.reflect.DelegatingMethodAccessorImpl.invoke(DelegatingMethodAccessorImpl.java:43)
	at java.lang.reflect.Method.invoke(Method.java:498)
	at org.testng.internal.MethodInvocationHelper.invokeMethod(MethodInvocationHelper.java:124)
	at org.testng.internal.MethodInvocationHelper.invokeMethodConsideringTimeout(MethodInvocationHelper.java:59)
	at org.testng.internal.Invoker.invokeConfigurationMethod(Invoker.java:458)
	at org.testng.internal.Invoker.invokeConfigurations(Invoker.java:222)
	at org.testng.internal.Invoker.invokeConfigurations(Invoker.java:142)
	at org.testng.TestRunner.beforeRun(TestRunner.java:529)
	at org.testng.TestRunner.run(TestRunner.java:497)
	at org.testng.SuiteRunner.runTest(SuiteRunner.java:455)
	at org.testng.SuiteRunner.runSequentially(SuiteRunner.java:450)
	at org.testng.SuiteRunner.privateRun(SuiteRunner.java:415)
	at org.testng.SuiteRunner.run(SuiteRunner.java:364)
	at org.testng.SuiteRunnerWorker.runSuite(SuiteRunnerWorker.java:52)
	at org.testng.SuiteRunnerWorker.run(SuiteRunnerWorker.java:84)
	at org.testng.TestNG.runSuitesSequentially(TestNG.java:1208)
	at org.testng.TestNG.runSuitesLocally(TestNG.java:1137)
	at org.testng.TestNG.runSuites(TestNG.java:1049)
	at org.testng.TestNG.run(TestNG.java:1017)
	at org.apache.maven.surefire.testng.TestNGExecutor.run(TestNGExecutor.java:135)
	at org.apache.maven.surefire.testng.TestNGDirectoryTestSuite.executeMulti(TestNGDirectoryTestSuite.java:193)
	at org.apache.maven.surefire.testng.TestNGDirectoryTestSuite.execute(TestNGDirectoryTestSuite.java:94)
	at org.apache.maven.surefire.testng.TestNGProvider.invoke(TestNGProvider.java:146)
	at org.apache.maven.surefire.booter.ForkedBooter.invokeProviderInSameClassLoader(ForkedBooter.java:373)
	at org.apache.maven.surefire.booter.ForkedBooter.runSuitesInProcess(ForkedBooter.java:334)
	at org.apache.maven.surefire.booter.ForkedBooter.execute(ForkedBooter.java:119)
	at org.apache.maven.surefire.booter.ForkedBooter.main(ForkedBooter.java:407)
Starting ChromeDriver 2.38.552522 (437e6fbedfa8762dec75e2c5b3ddb86763dc9dcb) on port 22306
Only local connections are allowed.
May 13, 2018 10:15:18 PM org.openqa.selenium.remote.ProtocolHandshake createSession
INFO: Detected dialect: OSS
]]></system-err>
  </testcase>
  <testcase name="beforeTest" classname="com.gator.tests.BatchesTest" time="0">
    <skipped/>
  </testcase>
  <testcase name="beforeTest" classname="com.gator.tests.BatchesTest" time="0">
    <skipped/>
  </testcase>
  <testcase name="verifyDateSort" classname="com.gator.tests.BatchesTest" time="0">
    <skipped message="null value in entry: url=null"/>
  </testcase>
  <testcase name="verifyPageLoad" classname="com.gator.tests.BatchesTest" time="0">
    <skipped message="null value in entry: url=null"/>
  </testcase>
  <testcase name="verifyTableLoad" classname="com.gator.tests.BatchesTest" time="0">
    <skipped message="null value in entry: url=null"/>
  </testcase>
  <testcase name="verifyTimelineLoad" classname="com.gator.tests.BatchesTest" time="0">
    <skipped message="null value in entry: url=null"/>
  </testcase>
  <testcase name="addLocation_test" classname="com.gator.tests.LocationsTest" time="0">
    <skipped message="null value in entry: url=null"/>
  </testcase>
  <testcase name="overview_test" classname="com.gator.tests.OverviewTest" time="0">
    <skipped message="null value in entry: url=null"/>
  </testcase>
  <testcase name="test2" classname="com.gator.tests.OverviewTest" time="0">
    <skipped message="null value in entry: url=null"/>
  </testcase>
  <testcase name="test3" classname="com.gator.tests.OverviewTest" time="0">
    <skipped message="null value in entry: url=null"/>
  </testcase>
  <testcase name="test4" classname="com.gator.tests.OverviewTest" time="0">
    <skipped message="null value in entry: url=null"/>
  </testcase>
  <testcase name="test5" classname="com.gator.tests.OverviewTest" time="0">
    <skipped message="null value in entry: url=null"/>
  </testcase>
  <testcase name="test6" classname="com.gator.tests.OverviewTest" time="0">
    <skipped message="null value in entry: url=null"/>
  </testcase>
  <testcase name="test7" classname="com.gator.tests.OverviewTest" time="0">
    <skipped message="null value in entry: url=null"/>
  </testcase>
  <testcase name="test8" classname="com.gator.tests.OverviewTest" time="0">
    <skipped message="null value in entry: url=null"/>
  </testcase>
  <testcase name="test9" classname="com.gator.tests.OverviewTest" time="0">
    <skipped message="null value in entry: url=null"/>
  </testcase>
  <testcase name="beforeClass" classname="com.gator.tests.ReportsTest" time="0">
    <skipped/>
  </testcase>
  <testcase name="batch_table_Expands" classname="com.gator.tests.ReportsTest" time="0">
    <skipped message="null value in entry: url=null"/>
  </testcase>
  <testcase name="graduate_table_Expands" classname="com.gator.tests.ReportsTest" time="0">
    <skipped message="null value in entry: url=null"/>
  </testcase>
  <testcase name="navigate_To_Reports" classname="com.gator.tests.ReportsTest" time="0">
    <skipped message="null value in entry: url=null"/>
  </testcase>
  <testcase name="trainee_table_Expands" classname="com.gator.tests.ReportsTest" time="0">
    <skipped message="null value in entry: url=null"/>
  </testcase>
  <testcase name="trainee_table_validInputs" classname="com.gator.tests.ReportsTest" time="0">
    <skipped message="null value in entry: url=null"/>
  </testcase>
  <testcase name="afterClass" classname="com.gator.tests.ReportsTest" time="0">
    <skipped/>
  </testcase>
  <testcase name="enterTrainerAndSubmit" classname="com.gator.tests.TrainersTest" time="0">
    <skipped message="null value in entry: url=null"/>
  </testcase>
  <testcase name="activateTrainer" classname="com.gator.tests.TrainersTest" time="0">
    <skipped message="null value in entry: url=null"/>
  </testcase>
  <testcase name="deactivateTrainer" classname="com.gator.tests.TrainersTest" time="0">
    <skipped message="null value in entry: url=null"/>
  </testcase>
  <testcase name="afterTest" classname="com.gator.tests.BatchesTest" time="0">
    <skipped/>
  </testcase>
  <testcase name="afterTest" classname="com.gator.tests.BatchesTest" time="0">
    <skipped/>
  </testcase>
  <testcase name="afterTest" classname="com.gator.tests.BatchesTest" time="0">
    <skipped/>
  </testcase>
</testsuite>