<?xml version="1.0" encoding="UTF-8"?>
<!-- Generated by org.testng.reporters.JUnitXMLReporter -->
<testsuite hostname="LAPTOP-B4P3J0KB" ignored="0" name="Default test" tests="4" failures="0" timestamp="16 May 2018 13:27:43 GMT" time="10.402" errors="0">
  <testcase name="testCoreSize" time="1.064" classname="com.gator.tests.CurriculumTestNG"/>
  <testcase name="testFocusSize" time="0.181" classname="com.gator.tests.CurriculumTestNG"/>
  <testcase name="testSkillscore" time="0.215" classname="com.gator.tests.CurriculumTestNG"/>
  <testcase name="testSkillsfocus" time="0.205" classname="com.gator.tests.CurriculumTestNG"/>
</testsuite> <!-- Default test -->
